<?xml version="1.0" encoding="UTF-8"?>
<!-- Generated by org.testng.reporters.JUnitReportReporter -->
<testsuite skipped="0" hostname="IN-BLR-WKS310" name="com.qakeshav.test.CpmTest" tests="6" failures="0" timestamp="20 Oct 2018 18:31:47 GMT" time="96.502" errors="0">
  <testcase name="cpmSiteTest" time="15.232" classname="com.qakeshav.test.CpmTest"/>
  <testcase name="cpmLogoTest" time="11.574" classname="com.qakeshav.test.CpmTest"/>
  <testcase name="cpmLoginLogoTest" time="21.953" classname="com.qakeshav.test.CpmTest"/>
  <testcase name="cpmEmailTitleTest" time="16.354" classname="com.qakeshav.test.CpmTest"/>
  <testcase name="cpmPasswordTitleTest" time="14.227" classname="com.qakeshav.test.CpmTest"/>
  <testcase name="forgotPasswordlinkTest" time="17.162" classname="com.qakeshav.test.CpmTest"/>
</testsuite> <!-- com.qakeshav.test.CpmTest -->
