<?xml version="1.0" encoding="UTF-8"?>
<!-- Generated by org.testng.reporters.JUnitReportReporter -->
<testsuite skipped="0" hostname="IN-BLR-WKS310" name="com.qakeshav.test.TestNgFeatures" tests="2" failures="0" timestamp="27 Sep 2018 18:39:55 GMT" time="0.001" errors="0">
  <testcase name="logout" time="0.000" classname="com.qakeshav.test.TestNgFeatures"/>
  <testcase name="login" time="0.001" classname="com.qakeshav.test.TestNgFeatures"/>
</testsuite> <!-- com.qakeshav.test.TestNgFeatures -->
