<?xml version="1.0" encoding="UTF-8"?>
<!-- Generated by org.testng.reporters.JUnitReportReporter -->
<testsuite skipped="0" hostname="IN-BLR-WKS310" name="com.qakeshav.test.TestNgBasic" tests="3" failures="0" timestamp="20 Oct 2018 18:32:01 GMT" time="0.010" errors="0">
  <testcase name="navigateToPrizeTab" time="0.002" classname="com.qakeshav.test.TestNgBasic"/>
  <testcase name="cpmTitleTest" time="0.002" classname="com.qakeshav.test.TestNgBasic"/>
  <testcase name="navigateToWinner" time="0.006" classname="com.qakeshav.test.TestNgBasic"/>
</testsuite> <!-- com.qakeshav.test.TestNgBasic -->
