<?xml version="1.0" encoding="UTF-8"?>
<!-- Generated by org.testng.reporters.JUnitReportReporter -->
<testsuite skipped="0" hostname="IN-BLR-WKS310" name="com.qakeshav.test.TestNgFeatures" tests="2" failures="0" timestamp="20 Oct 2018 18:31:47 GMT" time="0.003" errors="0">
  <testcase name="login" time="0.002" classname="com.qakeshav.test.TestNgFeatures"/>
  <testcase name="logout" time="0.001" classname="com.qakeshav.test.TestNgFeatures"/>
</testsuite> <!-- com.qakeshav.test.TestNgFeatures -->
