<?xml version="1.0" encoding="UTF-8"?>
<!-- Generated by org.testng.reporters.JUnitReportReporter -->
<testsuite skipped="0" hostname="IN-BLR-WKS310" name="com.qakeshav.test.TestNgBasic" tests="3" failures="0" timestamp="27 Sep 2018 18:39:55 GMT" time="0.006" errors="0">
  <testcase name="navigateToPrizeTab" time="0.004" classname="com.qakeshav.test.TestNgBasic"/>
  <testcase name="cpmTitleTest" time="0.001" classname="com.qakeshav.test.TestNgBasic"/>
  <testcase name="navigateToWinner" time="0.001" classname="com.qakeshav.test.TestNgBasic"/>
</testsuite> <!-- com.qakeshav.test.TestNgBasic -->
