<?xml version="1.0" encoding="UTF-8"?>
<!-- Generated by org.testng.reporters.JUnitReportReporter -->
<testsuite skipped="0" hostname="IN-BLR-WKS310" name="com.qakeshav.test.AssertTestCpm" tests="1" failures="0" timestamp="27 Sep 2018 18:39:55 GMT" time="12.198" errors="1">
  <testcase name="cpmSiteTest" time="12.198" classname="com.qakeshav.test.AssertTestCpm">
    <error type="junit.framework.ComparisonFailure" message="Logi expected:&lt;Login&gt; but was:&lt;Title is not matched&gt;">
      <![CDATA[junit.framework.ComparisonFailure: Logi expected:<Login> but was:<Title is not matched>at junit.framework.Assert.assertEquals(Assert.java:81)at com.qakeshav.test.AssertTestCpm.cpmSiteTest(AssertTestCpm.java:32)at sun.reflect.NativeMethodAccessorImpl.invoke0(Native Method)at sun.reflect.NativeMethodAccessorImpl.invoke(Unknown Source)at sun.reflect.DelegatingMethodAccessorImpl.invoke(Unknown Source)at java.lang.reflect.Method.invoke(Unknown Source)at org.testng.internal.MethodInvocationHelper.invokeMethod(MethodInvocationHelper.java:124)at org.testng.internal.Invoker.invokeMethod(Invoker.java:571)at org.testng.internal.Invoker.invokeTestMethod(Invoker.java:707)at org.testng.internal.Invoker.invokeTestMethods(Invoker.java:979)at org.testng.internal.TestMethodWorker.invokeTestMethods(TestMethodWorker.java:125)at org.testng.internal.TestMethodWorker.run(TestMethodWorker.java:109)at org.testng.TestRunner.privateRun(TestRunner.java:648)at org.testng.TestRunner.run(TestRunner.java:505)at org.testng.SuiteRunner.runTest(SuiteRunner.java:455)at org.testng.SuiteRunner.runSequentially(SuiteRunner.java:450)at org.testng.SuiteRunner.privateRun(SuiteRunner.java:415)at org.testng.SuiteRunner.run(SuiteRunner.java:364)at org.testng.SuiteRunnerWorker.runSuite(SuiteRunnerWorker.java:52)at org.testng.SuiteRunnerWorker.run(SuiteRunnerWorker.java:84)at org.testng.TestNG.runSuitesSequentially(TestNG.java:1187)at org.testng.TestNG.runSuitesLocally(TestNG.java:1116)at org.testng.TestNG.runSuites(TestNG.java:1028)at org.testng.TestNG.run(TestNG.java:996)at org.infinitest.testrunner.JUnit4Runner.runTestNGTest(JUnit4Runner.java:83)at org.infinitest.testrunner.JUnit4Runner.runTest(JUnit4Runner.java:63)at org.infinitest.testrunner.TestRunnerProcess.runTest(TestRunnerProcess.java:70)at org.infinitest.testrunner.TestRunnerProcess.writeTestResultToOutputStream(TestRunnerProcess.java:112)at org.infinitest.testrunner.TestRunnerProcess.main(TestRunnerProcess.java:89)]]>
    </error>
  </testcase> <!-- cpmSiteTest -->
</testsuite> <!-- com.qakeshav.test.AssertTestCpm -->
