<?xml version="1.0" encoding="UTF-8"?>
<!-- Generated by org.testng.reporters.JUnitReportReporter -->
<testsuite skipped="0" hostname="IN-BLR-WKS310" name="com.qakeshav.test.InvocationCount" tests="5" failures="0" timestamp="20 Oct 2018 18:32:01 GMT" time="0.008" errors="0">
  <testcase name="incovationcount" time="0.001" classname="com.qakeshav.test.InvocationCount"/>
  <testcase name="incovationcount" time="0.000" classname="com.qakeshav.test.InvocationCount"/>
  <testcase name="incovationcount" time="0.006" classname="com.qakeshav.test.InvocationCount"/>
  <testcase name="incovationcount" time="0.000" classname="com.qakeshav.test.InvocationCount"/>
  <testcase name="incovationcount" time="0.001" classname="com.qakeshav.test.InvocationCount"/>
</testsuite> <!-- com.qakeshav.test.InvocationCount -->
